# JRE version: Java(TM) SE Runtime Environment (17.0.8+9) (build 17.0.8+9-LTS-211)
# Java VM: Java HotSpot(TM) 64-Bit Server VM (17.0.8+9-LTS-211, mixed mode, emulated-client, sharing, tiered, compressed oops, compressed class ptrs, g1 gc, windows-amd64)
GC Precious Log:
 CPUs: 8 total, 8 available
 Memory: 32533M
 Large Page Support: Disabled
 NUMA Support: Disabled
 Compressed Oops: Enabled (Zero based)
 Heap Region Size: 4M
 Heap Min Capacity: 8M
 Heap Initial Capacity: 512M
 Heap Max Capacity: 8136M
 Pre-touch: Disabled
 Parallel Workers: 8
 Concurrent Workers: 2
 Concurrent Refinement Workers: 8
 Periodic GC: Disabled
Heap:
 garbage-first heap   total 323584K, used 130331K [0x0000000603800000, 0x0000000800000000)
  region size 4096K, 2 young (8192K), 2 survivors (8192K)
 Metaspace       used 91521K, committed 92224K, reserved 1179648K
  class space    used 13209K, committed 13568K, reserved 1048576K
GC Heap History (20 events):
Event: 8.018 GC heap after
{Heap after GC invocations=16 (full 0):
 garbage-first heap   total 122880K, used 45309K [0x0000000603800000, 0x0000000800000000)
  region size 4096K, 2 young (8192K), 2 survivors (8192K)
 Metaspace       used 63554K, committed 64128K, reserved 1114112K
  class space    used 9028K, committed 9280K, reserved 1048576K
}
Event: 8.882 GC heap before
{Heap before GC invocations=16 (full 0):
 garbage-first heap   total 122880K, used 90365K [0x0000000603800000, 0x0000000800000000)
  region size 4096K, 13 young (53248K), 2 survivors (8192K)
 Metaspace       used 71652K, committed 72256K, reserved 1114112K
  class space    used 10331K, committed 10624K, reserved 1048576K
}
Event: 8.887 GC heap after
{Heap after GC invocations=17 (full 0):
 garbage-first heap   total 122880K, used 46956K [0x0000000603800000, 0x0000000800000000)
  region size 4096K, 2 young (8192K), 2 survivors (8192K)
 Metaspace       used 71652K, committed 72256K, reserved 1114112K
  class space    used 10331K, committed 10624K, reserved 1048576K
}
Event: 8.970 GC heap before
{Heap before GC invocations=17 (full 0):
 garbage-first heap   total 122880K, used 51052K [0x0000000603800000, 0x0000000800000000)
  region size 4096K, 4 young (16384K), 2 survivors (8192K)
 Metaspace       used 72355K, committed 72960K, reserved 1114112K
  class space    used 10431K, committed 10752K, reserved 1048576K
}
Event: 8.974 GC heap after
{Heap after GC invocations=18 (full 0):
 garbage-first heap   total 122880K, used 47140K [0x0000000603800000, 0x0000000800000000)
  region size 4096K, 1 young (4096K), 1 survivors (4096K)
 Metaspace       used 72355K, committed 72960K, reserved 1114112K
  class space    used 10431K, committed 10752K, reserved 1048576K
}
Event: 9.685 GC heap before
{Heap before GC invocations=19 (full 0):
 garbage-first heap   total 122880K, used 92196K [0x0000000603800000, 0x0000000800000000)
  region size 4096K, 12 young (49152K), 1 survivors (4096K)
 Metaspace       used 79039K, committed 79680K, reserved 1179648K
  class space    used 11514K, committed 11840K, reserved 1048576K
}
Event: 9.690 GC heap after
{Heap after GC invocations=20 (full 0):
 garbage-first heap   total 122880K, used 50365K [0x0000000603800000, 0x0000000800000000)
  region size 4096K, 2 young (8192K), 2 survivors (8192K)
 Metaspace       used 79039K, committed 79680K, reserved 1179648K
  class space    used 11514K, committed 11840K, reserved 1048576K
}
Event: 9.749 GC heap before
{Heap before GC invocations=20 (full 0):
 garbage-first heap   total 122880K, used 50365K [0x0000000603800000, 0x0000000800000000)
  region size 4096K, 3 young (12288K), 2 survivors (8192K)
 Metaspace       used 79862K, committed 80512K, reserved 1179648K
  class space    used 11703K, committed 12032K, reserved 1048576K
}
Event: 9.754 GC heap after
{Heap after GC invocations=21 (full 0):
 garbage-first heap   total 122880K, used 50134K [0x0000000603800000, 0x0000000800000000)
  region size 4096K, 1 young (4096K), 1 survivors (4096K)
 Metaspace       used 79862K, committed 80512K, reserved 1179648K
  class space    used 11703K, committed 12032K, reserved 1048576K
}
Event: 9.864 GC heap before
{Heap before GC invocations=21 (full 0):
 garbage-first heap   total 122880K, used 95190K [0x0000000603800000, 0x0000000800000000)
  region size 4096K, 12 young (49152K), 1 survivors (4096K)
 Metaspace       used 80024K, committed 80640K, reserved 1179648K
  class space    used 11724K, committed 12032K, reserved 1048576K
}
Event: 9.870 GC heap after
{Heap after GC invocations=22 (full 0):
 garbage-first heap   total 323584K, used 60598K [0x0000000603800000, 0x0000000800000000)
  region size 4096K, 2 young (8192K), 2 survivors (8192K)
 Metaspace       used 80024K, committed 80640K, reserved 1179648K
  class space    used 11724K, committed 12032K, reserved 1048576K
}
Event: 10.382 GC heap before
{Heap before GC invocations=23 (full 0):
 garbage-first heap   total 262144K, used 208054K [0x0000000603800000, 0x0000000800000000)
  region size 4096K, 38 young (155648K), 2 survivors (8192K)
 Metaspace       used 81611K, committed 82240K, reserved 1179648K
  class space    used 12098K, committed 12416K, reserved 1048576K
}
Event: 10.394 GC heap after
{Heap after GC invocations=24 (full 0):
 garbage-first heap   total 262144K, used 77261K [0x0000000603800000, 0x0000000800000000)
  region size 4096K, 5 young (20480K), 5 survivors (20480K)
 Metaspace       used 81611K, committed 82240K, reserved 1179648K
  class space    used 12098K, committed 12416K, reserved 1048576K
}
Event: 10.403 GC heap before
{Heap before GC invocations=24 (full 0):
 garbage-first heap   total 262144K, used 81357K [0x0000000603800000, 0x0000000800000000)
  region size 4096K, 6 young (24576K), 5 survivors (20480K)
 Metaspace       used 81611K, committed 82240K, reserved 1179648K
  class space    used 12098K, committed 12416K, reserved 1048576K
}
Event: 10.417 GC heap after
{Heap after GC invocations=25 (full 0):
 garbage-first heap   total 262144K, used 80129K [0x0000000603800000, 0x0000000800000000)
  region size 4096K, 1 young (4096K), 1 survivors (4096K)
 Metaspace       used 81611K, committed 82240K, reserved 1179648K
  class space    used 12098K, committed 12416K, reserved 1048576K
}
Event: 10.693 GC heap before
{Heap before GC invocations=25 (full 0):
 garbage-first heap   total 262144K, used 198913K [0x0000000603800000, 0x0000000800000000)
  region size 4096K, 30 young (122880K), 1 survivors (4096K)
 Metaspace       used 81613K, committed 82240K, reserved 1179648K
  class space    used 12098K, committed 12416K, reserved 1048576K
}
Event: 10.714 GC heap after
{Heap after GC invocations=26 (full 0):
 garbage-first heap   total 262144K, used 122445K [0x0000000603800000, 0x0000000800000000)
  region size 4096K, 4 young (16384K), 4 survivors (16384K)
 Metaspace       used 81613K, committed 82240K, reserved 1179648K
  class space    used 12098K, committed 12416K, reserved 1048576K
}
Event: 11.041 GC heap before
{Heap before GC invocations=26 (full 0):
 garbage-first heap   total 262144K, used 192077K [0x0000000603800000, 0x0000000800000000)
  region size 4096K, 21 young (86016K), 4 survivors (16384K)
 Metaspace       used 84016K, committed 84672K, reserved 1179648K
  class space    used 12395K, committed 12736K, reserved 1048576K
}
Event: 11.052 GC heap after
{Heap after GC invocations=27 (full 0):
 garbage-first heap   total 262144K, used 128232K [0x0000000603800000, 0x0000000800000000)
  region size 4096K, 1 young (4096K), 1 survivors (4096K)
 Metaspace       used 84016K, committed 84672K, reserved 1179648K
  class space    used 12395K, committed 12736K, reserved 1048576K
}
Event: 11.739 GC heap before
{Heap before GC invocations=27 (full 0):
 garbage-first heap   total 262144K, used 193768K [0x0000000603800000, 0x0000000800000000)
  region size 4096K, 17 young (69632K), 1 survivors (4096K)
 Metaspace       used 91521K, committed 92224K, reserved 1179648K
  class space    used 13209K, committed 13568K, reserved 1048576K
}

